PLINK v1.90b6.17 64-bit (28 Apr 2020)
Options in effect:
  --allow-no-sex
  --bfile output/day1.qc
  --ci 0.95
  --logistic beta
  --out output/day1.qc.log

Hostname: mh-hf-p2565
Working directory: /mnt/c/Users/tno010/Desktop/SMED8020/Day1
Start time: Tue Jun  2 14:31:41 2020

Random number seed: 1591101101
8062 MB RAM detected; reserving 4031 MB for main workspace.
5016 variants loaded from .bim file.
1939 people (0 males, 0 females, 1939 ambiguous) loaded from .fam.
Ambiguous sex IDs written to output/day1.qc.log.nosex .
1939 phenotype values loaded from .fam.
Using 1 thread (no multithreaded calculations invoked).
Before main variant filters, 1939 founders and 0 nonfounders present.
Calculating allele frequencies... done.
5016 variants and 1939 people pass filters and QC.
Among remaining phenotypes, 969 are cases and 970 are controls.
Writing logistic model association results to output/day1.qc.log.assoc.logistic
... done.

End time: Tue Jun  2 14:31:41 2020
