PLINK v1.90b6.17 64-bit (28 Apr 2020)
Options in effect:
  --allow-no-sex
  --bfile day2
  --geno 0.05
  --hwe 0.00000001
  --maf 0.35
  --make-bed
  --out output/frequent

Hostname: mh-hf-p2565
Working directory: /mnt/c/Users/tno010/Desktop/SMED8020/2021/Day2
Start time: Tue May 31 12:18:05 2022

Random number seed: 1653992285
8062 MB RAM detected; reserving 4031 MB for main workspace.
5245 variants loaded from .bim file.
2002 people (0 males, 0 females, 2002 ambiguous) loaded from .fam.
Ambiguous sex IDs written to output/frequent.nosex .
2002 phenotype values loaded from .fam.
Using 1 thread (no multithreaded calculations invoked).
Before main variant filters, 2002 founders and 0 nonfounders present.
Calculating allele frequencies... done.
Total genotyping rate is 0.99905.
16 variants removed due to missing genotype data (--geno).
--hwe: 42 variants removed due to Hardy-Weinberg exact test.
3955 variants removed due to minor allele threshold(s)
(--maf/--max-maf/--mac/--max-mac).
1232 variants and 2002 people pass filters and QC.
Among remaining phenotypes, 1001 are cases and 1001 are controls.
--make-bed to output/frequent.bed + output/frequent.bim + output/frequent.fam
... done.

End time: Tue May 31 12:18:06 2022
