PLINK v1.90b6.17 64-bit (28 Apr 2020)
Options in effect:
  --allow-no-sex
  --bfile output/qc.ind
  --exclude output/fail_diffmiss_qc.txt
  --geno 0.04
  --hwe 1e-6
  --maf 0.01
  --make-bed
  --out output/practical2.qc

Hostname: mh-hf-p2565
Working directory: /mnt/c/Users/tno010/Desktop/SMED8020/2021/Day2
Start time: Tue May 31 12:28:09 2022

Random number seed: 1653992889
8062 MB RAM detected; reserving 4031 MB for main workspace.
5245 variants loaded from .bim file.
1939 people (0 males, 0 females, 1939 ambiguous) loaded from .fam.
Ambiguous sex IDs written to output/practical2.qc.nosex .
1939 phenotype values loaded from .fam.
--exclude: 5215 variants remaining.
Using 1 thread (no multithreaded calculations invoked).
Before main variant filters, 1939 founders and 0 nonfounders present.
Calculating allele frequencies... done.
0 variants removed due to missing genotype data (--geno).
--hwe: 26 variants removed due to Hardy-Weinberg exact test.
173 variants removed due to minor allele threshold(s)
(--maf/--max-maf/--mac/--max-mac).
5016 variants and 1939 people pass filters and QC.
Among remaining phenotypes, 969 are cases and 970 are controls.
--make-bed to output/practical2.qc.bed + output/practical2.qc.bim +
output/practical2.qc.fam ... done.

End time: Tue May 31 12:28:09 2022
