PLINK v1.90b6.17 64-bit (28 Apr 2020)
Options in effect:
  --allow-no-sex
  --bfile output/frequent
  --extract output/prunedsnplist.prune.in
  --genome
  --out output/pruned

Hostname: mh-hf-p2565
Working directory: /mnt/c/Users/tno010/Desktop/SMED8020/2021/Day2
Start time: Tue May 31 12:19:13 2022

Random number seed: 1653992353
8062 MB RAM detected; reserving 4031 MB for main workspace.
1232 variants loaded from .bim file.
2002 people (0 males, 0 females, 2002 ambiguous) loaded from .fam.
Ambiguous sex IDs written to output/pruned.nosex .
2002 phenotype values loaded from .fam.
--extract: 440 variants remaining.
Using up to 8 threads (change this with --threads).
Before main variant filters, 2002 founders and 0 nonfounders present.
Calculating allele frequencies... done.
Total genotyping rate is 0.999312.
440 variants and 2002 people pass filters and QC.
Among remaining phenotypes, 1001 are cases and 1001 are controls.
IBD calculations complete.
Finished writing output/pruned.genome .

End time: Tue May 31 12:19:15 2022
