PLINK v1.90b6.17 64-bit (28 Apr 2020)
Options in effect:
  --allow-no-sex
  --bfile day2
  --make-bed
  --out output/qc.ind
  --remove output/fail_qc.txt

Hostname: mh-hf-p2565
Working directory: /mnt/c/Users/tno010/Desktop/SMED8020/2021/Day2
Start time: Tue May 31 12:23:47 2022

Random number seed: 1653992627
8062 MB RAM detected; reserving 4031 MB for main workspace.
5245 variants loaded from .bim file.
2002 people (0 males, 0 females, 2002 ambiguous) loaded from .fam.
Ambiguous sex IDs written to output/qc.ind.nosex .
2002 phenotype values loaded from .fam.
--remove: 1939 people remaining.
Using 1 thread (no multithreaded calculations invoked).
Before main variant filters, 1939 founders and 0 nonfounders present.
Calculating allele frequencies... done.
Total genotyping rate in remaining samples is 0.999715.
5245 variants and 1939 people pass filters and QC.
Among remaining phenotypes, 969 are cases and 970 are controls.
--make-bed to output/qc.ind.bed + output/qc.ind.bim + output/qc.ind.fam ...
done.

End time: Tue May 31 12:23:47 2022
